0 info it worked if it ends with ok
1 verbose cli [ 'node',
1 verbose cli   '/Users/Virgilio/.nvm/versions/node/v0.12.13/bin/npm',
1 verbose cli   'start' ]
2 info using npm@3.9.5
3 info using node@v0.12.13
4 verbose run-script [ 'prestart', 'start', 'poststart' ]
5 info lifecycle angular-seed@0.0.0~prestart: angular-seed@0.0.0
6 verbose lifecycle angular-seed@0.0.0~prestart: unsafe-perm in lifecycle true
7 verbose lifecycle angular-seed@0.0.0~prestart: PATH: /Users/Virgilio/.nvm/versions/node/v0.12.13/lib/node_modules/npm/bin/node-gyp-bin:/Users/Virgilio/ngtutorial/hdrtest/node_modules/.bin:/Users/Virgilio/.nvm/versions/node/v0.12.13/bin:/Users/Virgilio/.nvm/versions/node/v0.12.13/bin:/Users/Virgilio/.npm-packages/bin:/bin:/usr/local/bin:/usr/bin:/bin:/usr/sbin:/sbin
8 verbose lifecycle angular-seed@0.0.0~prestart: CWD: /Users/Virgilio/ngtutorial/hdrtest
9 silly lifecycle angular-seed@0.0.0~prestart: Args: [ '-c', 'npm install' ]
10 silly lifecycle angular-seed@0.0.0~prestart: Returned: code: 0  signal: null
11 info lifecycle angular-seed@0.0.0~start: angular-seed@0.0.0
12 verbose lifecycle angular-seed@0.0.0~start: unsafe-perm in lifecycle true
13 verbose lifecycle angular-seed@0.0.0~start: PATH: /Users/Virgilio/.nvm/versions/node/v0.12.13/lib/node_modules/npm/bin/node-gyp-bin:/Users/Virgilio/ngtutorial/hdrtest/node_modules/.bin:/Users/Virgilio/.nvm/versions/node/v0.12.13/bin:/Users/Virgilio/.nvm/versions/node/v0.12.13/bin:/Users/Virgilio/.npm-packages/bin:/bin:/usr/local/bin:/usr/bin:/bin:/usr/sbin:/sbin
14 verbose lifecycle angular-seed@0.0.0~start: CWD: /Users/Virgilio/ngtutorial/hdrtest
15 silly lifecycle angular-seed@0.0.0~start: Args: [ '-c', 'http-server -a localhost -p 8000 -c-1 ./app' ]
16 silly lifecycle angular-seed@0.0.0~start: Returned: code: 1  signal: null
17 info lifecycle angular-seed@0.0.0~start: Failed to exec start script
18 verbose stack Error: angular-seed@0.0.0 start: `http-server -a localhost -p 8000 -c-1 ./app`
18 verbose stack Exit status 1
18 verbose stack     at EventEmitter.<anonymous> (/Users/Virgilio/.nvm/versions/node/v0.12.13/lib/node_modules/npm/lib/utils/lifecycle.js:245:16)
18 verbose stack     at EventEmitter.emit (events.js:110:17)
18 verbose stack     at ChildProcess.<anonymous> (/Users/Virgilio/.nvm/versions/node/v0.12.13/lib/node_modules/npm/lib/utils/spawn.js:24:14)
18 verbose stack     at ChildProcess.emit (events.js:110:17)
18 verbose stack     at maybeClose (child_process.js:1019:16)
18 verbose stack     at Process.ChildProcess._handle.onexit (child_process.js:1091:5)
19 verbose pkgid angular-seed@0.0.0
20 verbose cwd /Users/Virgilio/ngtutorial/hdrtest/app/directives
21 error Darwin 15.6.0
22 error argv "node" "/Users/Virgilio/.nvm/versions/node/v0.12.13/bin/npm" "start"
23 error node v0.12.13
24 error npm  v3.9.5
25 error code ELIFECYCLE
26 error angular-seed@0.0.0 start: `http-server -a localhost -p 8000 -c-1 ./app`
26 error Exit status 1
27 error Failed at the angular-seed@0.0.0 start script 'http-server -a localhost -p 8000 -c-1 ./app'.
27 error Make sure you have the latest version of node.js and npm installed.
27 error If you do, this is most likely a problem with the angular-seed package,
27 error not with npm itself.
27 error Tell the author that this fails on your system:
27 error     http-server -a localhost -p 8000 -c-1 ./app
27 error You can get information on how to open an issue for this project with:
27 error     npm bugs angular-seed
27 error Or if that isn't available, you can get their info via:
27 error     npm owner ls angular-seed
27 error There is likely additional logging output above.
28 verbose exit [ 1, true ]
